18:10:10.242 [org.springframework.amqp.rabbit.RabbitListenerEndpointContainer#0-1] INFO  pl.zajonz.success.info - Book{id=14, title='Krzyzacy', author='Asd', isBlocked=false, state=READY} was created
18:10:11.577 [org.springframework.amqp.rabbit.RabbitListenerEndpointContainer#0-1] INFO  pl.zajonz.success.info - Email was sent with parametersInfoMessage(bookId=14, book_title=Krzyzacy, book_author=Asd, book_category=Dramat, email=zajonz.mateusz@gmail.com, user_firstName=Adam, user_lastName=Adam)
18:10:12.954 [org.springframework.amqp.rabbit.RabbitListenerEndpointContainer#0-1] INFO  pl.zajonz.success.info - Email was sent with parametersInfoMessage(bookId=14, book_title=Krzyzacy, book_author=Asd, book_category=Dramat, email=zajonzma.teusz@gmail.com, user_firstName=Marek, user_lastName=Marek)
18:10:19.100 [org.springframework.amqp.rabbit.RabbitListenerEndpointContainer#0-1] INFO  pl.zajonz.success.info - Book{id=15, title='Krzyzacy', author='Asd', isBlocked=false, state=READY} was created
18:10:20.489 [org.springframework.amqp.rabbit.RabbitListenerEndpointContainer#0-1] INFO  pl.zajonz.success.info - Email was sent with parametersInfoMessage(bookId=15, book_title=Krzyzacy, book_author=Asd, book_category=Dramat, email=zajonzma.teusz@gmail.com, user_firstName=Marek, user_lastName=Marek)
18:10:21.840 [org.springframework.amqp.rabbit.RabbitListenerEndpointContainer#0-1] INFO  pl.zajonz.success.info - Email was sent with parametersInfoMessage(bookId=15, book_title=Krzyzacy, book_author=Asd, book_category=Dramat, email=zajonz.mateusz@gmail.com, user_firstName=Adam, user_lastName=Adam)
18:12:59.543 [org.springframework.amqp.rabbit.RabbitListenerEndpointContainer#0-1] INFO  pl.zajonz.success.info - Book{id=16, title='Krzyzacy', author='Asd', isBlocked=false, state=READY} was created
18:13:26.516 [org.springframework.amqp.rabbit.RabbitListenerEndpointContainer#0-1] INFO  pl.zajonz.success.info - Email was sent with parameters InfoMessage(bookId=16, book_title=Krzyzacy, book_author=Asd, book_category=Dramat, email=zajonzma.teusz@gmail.com, user_firstName=Marek, user_lastName=Marek)
18:13:27.971 [org.springframework.amqp.rabbit.RabbitListenerEndpointContainer#0-1] INFO  pl.zajonz.success.info - Email was sent with parameters InfoMessage(bookId=16, book_title=Krzyzacy, book_author=Asd, book_category=Dramat, email=zajonz.mateusz@gmail.com, user_firstName=Adam, user_lastName=Adam)
18:14:09.528 [org.springframework.amqp.rabbit.RabbitListenerEndpointContainer#0-1] INFO  pl.zajonz.success.info - Book{id=17, title='Krzyzacy', author='Asd', isBlocked=false, state=READY} was created
18:14:18.210 [org.springframework.amqp.rabbit.RabbitListenerEndpointContainer#0-1] INFO  pl.zajonz.success.info - Book{id=18, title='Krzyzacy', author='Asd', isBlocked=false, state=READY} was created
18:14:33.319 [org.springframework.amqp.rabbit.RabbitListenerEndpointContainer#0-1] INFO  pl.zajonz.success.info - Book{id=19, title='Krzyzacy', author='Asd', isBlocked=false, state=READY} was created
18:14:34.898 [org.springframework.amqp.rabbit.RabbitListenerEndpointContainer#0-1] INFO  pl.zajonz.success.info - Email was sent with parameters InfoMessage(bookId=19, book_title=Krzyzacy, book_author=Asd, book_category=Dramat, email=zajonzma.teusz@gmail.com, user_firstName=Marek, user_lastName=Marek)
18:14:36.267 [org.springframework.amqp.rabbit.RabbitListenerEndpointContainer#0-1] INFO  pl.zajonz.success.info - Email was sent with parameters InfoMessage(bookId=19, book_title=Krzyzacy, book_author=Asd, book_category=Dramat, email=zajonz.mateusz@gmail.com, user_firstName=Adam, user_lastName=Adam)
18:14:40.639 [org.springframework.amqp.rabbit.RabbitListenerEndpointContainer#0-1] INFO  pl.zajonz.success.info - Book{id=20, title='Krzyzacy', author='Asd', isBlocked=false, state=READY} was created
18:14:42.004 [org.springframework.amqp.rabbit.RabbitListenerEndpointContainer#0-1] INFO  pl.zajonz.success.info - Email was sent with parameters InfoMessage(bookId=20, book_title=Krzyzacy, book_author=Asd, book_category=Dramat, email=zajonzma.teusz@gmail.com, user_firstName=Marek, user_lastName=Marek)
18:14:43.343 [org.springframework.amqp.rabbit.RabbitListenerEndpointContainer#0-1] INFO  pl.zajonz.success.info - Email was sent with parameters InfoMessage(bookId=20, book_title=Krzyzacy, book_author=Asd, book_category=Dramat, email=zajonz.mateusz@gmail.com, user_firstName=Adam, user_lastName=Adam)
18:14:56.977 [org.springframework.amqp.rabbit.RabbitListenerEndpointContainer#0-1] INFO  pl.zajonz.success.info - Book{id=21, title='Krzyzacy', author='Asd', isBlocked=false, state=READY} was created
18:14:58.340 [org.springframework.amqp.rabbit.RabbitListenerEndpointContainer#0-1] INFO  pl.zajonz.success.info - Email was sent with parameters InfoMessage(bookId=21, book_title=Krzyzacy, book_author=Asd, book_category=Dramat, email=zajonzma.teusz@gmail.com, user_firstName=Marek, user_lastName=Marek)
18:14:59.842 [org.springframework.amqp.rabbit.RabbitListenerEndpointContainer#0-1] INFO  pl.zajonz.success.info - Email was sent with parameters InfoMessage(bookId=21, book_title=Krzyzacy, book_author=Asd, book_category=Dramat, email=zajonz.mateusz@gmail.com, user_firstName=Adam, user_lastName=Adam)
19:28:25.158 [org.springframework.amqp.rabbit.RabbitListenerEndpointContainer#0-1] INFO  pl.zajonz.success.info - User{id=1, firstname='Adam', lastname='Adam', email='zajonz.mateusz@gmail.com', username='Adam', role='ROLE_CUSTOMER'} has subscribed category: Category{id=1, name='Dramat'}
19:29:19.652 [org.springframework.amqp.rabbit.RabbitListenerEndpointContainer#0-1] INFO  pl.zajonz.success.info - User{id=1, firstname='Adam', lastname='Adam', email='zajonz.mateusz@gmail.com', username='Adam', role='ROLE_CUSTOMER'} has subscribed category: Category{id=1, name='Dramat'}
19:29:43.698 [org.springframework.amqp.rabbit.RabbitListenerEndpointContainer#0-1] INFO  pl.zajonz.success.info - User{id=1, firstname='Adam', lastname='Adam', email='zajonz.mateusz@gmail.com', username='Adam', role='ROLE_CUSTOMER'} has subscribed category: Category{id=1, name='Dramat'}
19:42:02.828 [org.springframework.amqp.rabbit.RabbitListenerEndpointContainer#0-1] INFO  pl.zajonz.success.info - User{id=1, firstname='Adam', lastname='Adam', email='zajonz.mateusz@gmail.com', username='Adam', role='ROLE_CUSTOMER'} has subscribed category: Category{id=1, name='Dramat'}
19:42:12.144 [org.springframework.amqp.rabbit.RabbitListenerEndpointContainer#0-1] INFO  pl.zajonz.success.info - User{id=1, firstname='Adam', lastname='Adam', email='zajonz.mateusz@gmail.com', username='Adam', role='ROLE_CUSTOMER'} has subscribed category: Category{id=1, name='Dramat'}
19:42:14.115 [org.springframework.amqp.rabbit.RabbitListenerEndpointContainer#0-1] INFO  pl.zajonz.success.info - User{id=1, firstname='Adam', lastname='Adam', email='zajonz.mateusz@gmail.com', username='Adam', role='ROLE_CUSTOMER'} has subscribed category: Category{id=1, name='Dramat'}
19:42:16.476 [org.springframework.amqp.rabbit.RabbitListenerEndpointContainer#0-1] INFO  pl.zajonz.success.info - User{id=1, firstname='Adam', lastname='Adam', email='zajonz.mateusz@gmail.com', username='Adam', role='ROLE_CUSTOMER'} has subscribed category: Category{id=1, name='Dramat'}
19:42:23.330 [org.springframework.amqp.rabbit.RabbitListenerEndpointContainer#0-1] INFO  pl.zajonz.success.info - User{id=1, firstname='Adam', lastname='Adam', email='zajonz.mateusz@gmail.com', username='Adam', role='ROLE_CUSTOMER'} has subscribed category: Category{id=1, name='Dramat'}
